2025-12-11 11:54:58, MOVE, v:1, k:poo@pagamento, mode:DOWN
2025-12-11 11:58:17, MOVE, v:1, k:poo@pagamento, mode:PICK
2025-12-11 11:58:17, EXEC, v:1, k:poo@pagamento, mode:LOCK, rate:0, size:1
2025-12-11 11:58:18, MOVE, v:1, k:poo@pagamento, mode:BACK
2025-12-11 12:06:21, MOVE, v:1, k:poo@pagamento, mode:PICK
2025-12-11 12:06:21, EXEC, v:1, k:poo@pagamento, mode:LOCK, rate:100, size:2
2025-12-11 12:06:21, MOVE, v:1, k:poo@pagamento, mode:BACK
2025-12-11 12:14:19, MOVE, v:1, k:poo@pagamento, mode:PICK
2025-12-11 12:14:19, EXEC, v:1, k:poo@pagamento, mode:LOCK, rate:100, size:6
2025-12-11 12:14:20, MOVE, v:1, k:poo@pagamento, mode:BACK
2025-12-11 12:24:32, MOVE, v:1, k:poo@pagamento, mode:PICK
2025-12-11 12:24:32, EXEC, v:1, k:poo@pagamento, mode:LOCK, rate:100
2025-12-11 12:24:33, MOVE, v:1, k:poo@pagamento, mode:BACK
2025-12-11 12:43:32, MOVE, v:1, k:poo@pagamento, mode:PICK
2025-12-11 12:43:32, EXEC, v:1, k:poo@pagamento, mode:LOCK, rate:100, size:27
2025-12-11 12:43:33, MOVE, v:1, k:poo@pagamento, mode:BACK
2025-12-11 12:52:41, MOVE, v:1, k:poo@pagamento, mode:PICK
2025-12-11 12:52:41, EXEC, v:1, k:poo@pagamento, mode:LOCK, rate:0, size:50
2025-12-11 12:52:41, MOVE, v:1, k:poo@pagamento, mode:BACK
2025-12-11 12:52:43, MOVE, v:1, k:poo@pagamento, mode:PICK
2025-12-11 12:52:44, EXEC, v:1, k:poo@pagamento, mode:FREE
2025-12-11 12:52:50, MOVE, v:1, k:poo@pagamento, mode:BACK
2025-12-11 12:59:55, MOVE, v:1, k:poo@pagamento, mode:PICK
2025-12-11 12:59:56, EXEC, v:1, k:poo@pagamento, mode:LOCK, rate:0
2025-12-11 12:59:56, MOVE, v:1, k:poo@pagamento, mode:BACK
2025-12-11 13:24:57, MOVE, v:1, k:poo@pagamento, mode:PICK
2025-12-11 13:24:57, EXEC, v:1, k:poo@pagamento, mode:LOCK, rate:0
2025-12-11 13:24:58, MOVE, v:1, k:poo@pagamento, mode:BACK
