2025-12-12 17:27:48, MOVE, v:1, k:poo@pagamento, mode:PICK
2025-12-12 17:27:48, EXEC, v:1, k:poo@pagamento, mode:LOCK, rate:0
2025-12-12 17:27:50, MOVE, v:1, k:poo@pagamento, mode:BACK
2025-12-12 17:28:49, MOVE, v:1, k:poo@pagamento, mode:PICK
2025-12-12 17:28:49, EXEC, v:1, k:poo@pagamento, mode:LOCK, rate:0, size:53
2025-12-12 17:28:50, MOVE, v:1, k:poo@pagamento, mode:BACK
2025-12-12 17:42:17, MOVE, v:1, k:poo@pagamento, mode:PICK
2025-12-12 17:42:17, EXEC, v:1, k:poo@pagamento, mode:LOCK, rate:0
2025-12-12 17:42:18, MOVE, v:1, k:poo@pagamento, mode:BACK
2025-12-12 17:47:16, MOVE, v:1, k:poo@pagamento, mode:PICK
2025-12-12 17:47:16, EXEC, v:1, k:poo@pagamento, mode:LOCK, rate:0, size:62
2025-12-12 17:47:20, MOVE, v:1, k:poo@pagamento, mode:BACK
2025-12-12 17:49:16, MOVE, v:1, k:poo@pagamento, mode:PICK
2025-12-12 17:49:17, EXEC, v:1, k:poo@pagamento, mode:LOCK, rate:0, size:63
2025-12-12 17:49:34, MOVE, v:1, k:poo@pagamento, mode:BACK
2025-12-12 17:50:55, MOVE, v:1, k:poo@pagamento, mode:PICK
2025-12-12 17:50:56, EXEC, v:1, k:poo@pagamento, mode:LOCK, rate:0, size:66
2025-12-12 17:50:57, MOVE, v:1, k:poo@pagamento, mode:BACK
2025-12-12 17:57:48, MOVE, v:1, k:poo@pagamento, mode:PICK
2025-12-12 17:57:49, EXEC, v:1, k:poo@pagamento, mode:LOCK, rate:0
2025-12-12 17:57:49, MOVE, v:1, k:poo@pagamento, mode:BACK
2025-12-12 18:16:44, MOVE, v:1, k:poo@pagamento, mode:PICK
2025-12-12 18:16:44, EXEC, v:1, k:poo@pagamento, mode:LOCK, rate:0, size:77
2025-12-12 18:16:45, MOVE, v:1, k:poo@pagamento, mode:BACK
2025-12-12 18:18:09, MOVE, v:1, k:poo@pagamento, mode:PICK
2025-12-12 18:18:09, EXEC, v:1, k:poo@pagamento, mode:LOCK, rate:0, size:78
2025-12-12 18:19:03, EXEC, v:1, k:poo@pagamento, mode:LOCK, rate:0, size:78
2025-12-12 18:19:06, MOVE, v:1, k:poo@pagamento, mode:BACK
2025-12-12 18:19:49, MOVE, v:1, k:poo@pagamento, mode:PICK
2025-12-12 18:19:50, EXEC, v:1, k:poo@pagamento, mode:LOCK, rate:0, size:78
2025-12-12 18:19:51, MOVE, v:1, k:poo@pagamento, mode:BACK
2025-12-12 18:20:23, SELF, v:1, k:poo@pagamento, rate:100, guide:_video_aula, alone:10, study:155
